0 info it worked if it ends with ok
1 verbose cli [ 'node', '/usr/local/bin/npm', 'install', 'onoff', '--save' ]
2 info using npm@2.7.0
3 info using node@v0.13.0-pre
4 warn package.json Control-IO-raspberry@0.0.1 No repository field.
5 warn package.json Control-IO-raspberry@0.0.1 No README data
6 silly cache add args [ 'onoff', null ]
7 verbose cache add spec onoff
8 silly cache add parsed spec { raw: 'onoff',
8 silly cache add   scope: null,
8 silly cache add   name: 'onoff',
8 silly cache add   rawSpec: '',
8 silly cache add   spec: '*',
8 silly cache add   type: 'range' }
9 verbose addNamed onoff@*
10 silly addNamed semver.valid null
11 silly addNamed semver.validRange *
12 silly addNameRange { name: 'onoff', range: '*', hasData: false }
13 silly mapToRegistry name onoff
14 silly mapToRegistry using default registry
15 silly mapToRegistry registry https://registry.npmjs.org/
16 silly mapToRegistry uri https://registry.npmjs.org/onoff
17 verbose addNameRange registry:https://registry.npmjs.org/onoff not in flight; fetching
18 verbose request uri https://registry.npmjs.org/onoff
19 verbose request no auth needed
20 info attempt registry request try #1 at 22:37:13
21 verbose request id 40f88fbaf09b335c
22 verbose etag "5ZPS3HXL6UXU82KJZXVIL0RQ1"
23 http request GET https://registry.npmjs.org/onoff
24 http 304 https://registry.npmjs.org/onoff
25 silly get cb [ 304,
25 silly get   { date: 'Wed, 18 Mar 2015 21:36:53 GMT',
25 silly get     server: 'Apache',
25 silly get     via: '1.1 varnish',
25 silly get     'last-modified': 'Wed, 18 Mar 2015 21:36:54 GMT',
25 silly get     'cache-control': 'max-age=60',
25 silly get     etag: '"5ZPS3HXL6UXU82KJZXVIL0RQ1"',
25 silly get     age: '0',
25 silly get     'x-served-by': 'cache-lhr6322-LHR',
25 silly get     'x-cache': 'MISS',
25 silly get     'x-cache-hits': '0',
25 silly get     'x-timer': 'S1426714613.862091,VS0,VE154',
25 silly get     vary: 'Accept',
25 silly get     'content-length': '0',
25 silly get     'keep-alive': 'timeout=10, max=50',
25 silly get     connection: 'Keep-Alive' } ]
26 verbose etag https://registry.npmjs.org/onoff from cache
27 verbose get saving onoff to /root/.npm/registry.npmjs.org/onoff/.cache.json
28 silly addNameRange number 2 { name: 'onoff', range: '*', hasData: true }
29 silly addNameRange versions [ 'onoff',
29 silly addNameRange   [ '0.0.1',
29 silly addNameRange     '0.1.0',
29 silly addNameRange     '0.1.2',
29 silly addNameRange     '0.1.3',
29 silly addNameRange     '0.1.4',
29 silly addNameRange     '0.1.5',
29 silly addNameRange     '0.1.6',
29 silly addNameRange     '0.1.7',
29 silly addNameRange     '0.2.0',
29 silly addNameRange     '0.2.1',
29 silly addNameRange     '0.2.2',
29 silly addNameRange     '0.2.3',
29 silly addNameRange     '0.3.0',
29 silly addNameRange     '0.3.1',
29 silly addNameRange     '0.3.2',
29 silly addNameRange     '1.0.0',
29 silly addNameRange     '1.0.1',
29 silly addNameRange     '1.0.2' ] ]
30 verbose addNamed onoff@1.0.2
31 silly addNamed semver.valid 1.0.2
32 silly addNamed semver.validRange 1.0.2
33 silly cache afterAdd onoff@1.0.2
34 verbose afterAdd /root/.npm/onoff/1.0.2/package/package.json not in flight; writing
35 verbose afterAdd /root/.npm/onoff/1.0.2/package/package.json written
36 silly install resolved [ { name: 'onoff',
36 silly install resolved     version: '1.0.2',
36 silly install resolved     description: 'GPIO access and interrupt detection on the BeagleBone or Raspberry Pi',
36 silly install resolved     main: 'onoff.js',
36 silly install resolved     directories: { example: 'examples', test: 'test' },
36 silly install resolved     scripts: { test: 'echo "Tests can only be run manually from the command line. They access hardware GPIOs." && exit 1' },
36 silly install resolved     repository: { type: 'git', url: 'https://github.com/fivdi/onoff.git' },
36 silly install resolved     engines: { node: '>=0.8.0' },
36 silly install resolved     dependencies: { epoll: '~0.1.12' },
36 silly install resolved     keywords:
36 silly install resolved      [ 'gpio',
36 silly install resolved        'embedded',
36 silly install resolved        'interrupt',
36 silly install resolved        'beaglebone',
36 silly install resolved        'bbb',
36 silly install resolved        'bb',
36 silly install resolved        'raspberry',
36 silly install resolved        'raspi',
36 silly install resolved        'rpi',
36 silly install resolved        'pi',
36 silly install resolved        'linux' ],
36 silly install resolved     author: { name: 'fivdi' },
36 silly install resolved     license: 'MIT',
36 silly install resolved     gitHead: '8a18a09f7806bda273ca6aaf4ee804d25a98a001',
36 silly install resolved     bugs: { url: 'https://github.com/fivdi/onoff/issues' },
36 silly install resolved     homepage: 'https://github.com/fivdi/onoff',
36 silly install resolved     _id: 'onoff@1.0.2',
36 silly install resolved     _shasum: '131577463e3b785d90a42e3da79cd479ab2ea6e1',
36 silly install resolved     _from: 'onoff@*',
36 silly install resolved     _npmVersion: '2.1.18',
36 silly install resolved     _nodeVersion: '1.0.2',
36 silly install resolved     _npmUser: { name: 'fivdi', email: 'fivdiweb@gmail.com' },
36 silly install resolved     maintainers: [ [Object] ],
36 silly install resolved     dist:
36 silly install resolved      { shasum: '131577463e3b785d90a42e3da79cd479ab2ea6e1',
36 silly install resolved        tarball: 'http://registry.npmjs.org/onoff/-/onoff-1.0.2.tgz' },
36 silly install resolved     _resolved: 'https://registry.npmjs.org/onoff/-/onoff-1.0.2.tgz',
36 silly install resolved     readme: 'ERROR: No README data found!' } ]
37 info install onoff@1.0.2 into /home/node/node/leds
38 info installOne onoff@1.0.2
39 verbose installOne of onoff to /home/node/node/leds not in flight; installing
40 verbose lock using /root/.npm/_locks/onoff-32287331d39812b0.lock for /home/node/node/leds/node_modules/onoff
41 warn engine onoff@1.0.2: wanted: {"node":">=0.8.0"} (current: {"node":"0.13.0-pre","npm":"2.7.0"})
42 silly install write writing onoff 1.0.2 to /home/node/node/leds/node_modules/onoff
43 silly cache addNamed cb onoff@1.0.2
44 verbose unbuild node_modules/onoff
45 verbose gentlyRm vacuuming /home/node/node/leds/node_modules/onoff
46 verbose tar unpack /root/.npm/onoff/1.0.2/package.tgz
47 verbose tar unpacking to /home/node/node/leds/node_modules/onoff
48 verbose gentlyRm vacuuming /home/node/node/leds/node_modules/onoff
49 silly gunzTarPerm modes [ '755', '644' ]
50 silly gunzTarPerm extractEntry package.json
51 silly gunzTarPerm modified mode [ 'package.json', 436, 420 ]
52 silly gunzTarPerm extractEntry .npmignore
53 silly gunzTarPerm modified mode [ '.npmignore', 436, 420 ]
54 silly gunzTarPerm extractEntry README.md
55 silly gunzTarPerm modified mode [ 'README.md', 436, 420 ]
56 silly gunzTarPerm extractEntry LICENSE
57 silly gunzTarPerm modified mode [ 'LICENSE', 436, 420 ]
58 silly gunzTarPerm extractEntry onoff.js
59 silly gunzTarPerm modified mode [ 'onoff.js', 436, 420 ]
60 silly gunzTarPerm extractEntry History.md
61 silly gunzTarPerm modified mode [ 'History.md', 436, 420 ]
62 silly gunzTarPerm extractEntry History.md~
63 silly gunzTarPerm modified mode [ 'History.md~', 436, 420 ]
64 silly gunzTarPerm extractEntry README.md~
65 silly gunzTarPerm modified mode [ 'README.md~', 436, 420 ]
66 silly gunzTarPerm extractEntry examples/blink-led-async.js
67 silly gunzTarPerm modified mode [ 'examples/blink-led-async.js', 436, 420 ]
68 silly gunzTarPerm extractEntry examples/blink-led.js
69 silly gunzTarPerm modified mode [ 'examples/blink-led.js', 436, 420 ]
70 silly gunzTarPerm extractEntry examples/light-switch.js
71 silly gunzTarPerm modified mode [ 'examples/light-switch.js', 436, 420 ]
72 silly gunzTarPerm extractEntry examples/wait-for-interrupt.js
73 silly gunzTarPerm modified mode [ 'examples/wait-for-interrupt.js', 436, 420 ]
74 silly gunzTarPerm extractEntry examples/light-switch.png
75 silly gunzTarPerm modified mode [ 'examples/light-switch.png', 436, 420 ]
76 silly gunzTarPerm extractEntry examples/mygpio-overlay.dts
77 silly gunzTarPerm modified mode [ 'examples/mygpio-overlay.dts', 436, 420 ]
78 silly gunzTarPerm extractEntry examples/run-examples
79 silly gunzTarPerm modified mode [ 'examples/run-examples', 509, 493 ]
80 silly gunzTarPerm extractEntry test/blink-led.js
81 silly gunzTarPerm modified mode [ 'test/blink-led.js', 436, 420 ]
82 silly gunzTarPerm extractEntry test/configure-and-check-output.js
83 silly gunzTarPerm modified mode [ 'test/configure-and-check-output.js', 436, 420 ]
84 silly gunzTarPerm extractEntry test/export-many-times.js
85 silly gunzTarPerm modified mode [ 'test/export-many-times.js', 436, 420 ]
86 silly gunzTarPerm extractEntry test/many-interrupts.js
87 silly gunzTarPerm modified mode [ 'test/many-interrupts.js', 436, 420 ]
88 silly gunzTarPerm extractEntry test/configure-and-check-input.js
89 silly gunzTarPerm modified mode [ 'test/configure-and-check-input.js', 436, 420 ]
90 silly gunzTarPerm extractEntry test/performance-interrupt.js
91 silly gunzTarPerm modified mode [ 'test/performance-interrupt.js', 436, 420 ]
92 silly gunzTarPerm extractEntry test/performance-sync.js
93 silly gunzTarPerm modified mode [ 'test/performance-sync.js', 436, 420 ]
94 silly gunzTarPerm extractEntry test/wait-for-interrupt.js
95 silly gunzTarPerm modified mode [ 'test/wait-for-interrupt.js', 436, 420 ]
96 silly gunzTarPerm extractEntry test/wait-for-many-interrupts.js
97 silly gunzTarPerm modified mode [ 'test/wait-for-many-interrupts.js', 436, 420 ]
98 silly gunzTarPerm extractEntry test/performance-async.js
99 silly gunzTarPerm modified mode [ 'test/performance-async.js', 436, 420 ]
100 silly gunzTarPerm extractEntry test/run-tests
101 silly gunzTarPerm modified mode [ 'test/run-tests', 509, 493 ]
102 info preinstall onoff@1.0.2
103 silly prepareForInstallMany adding epoll@~0.1.12 from onoff dependencies
104 silly cache add args [ 'epoll@~0.1.12', null ]
105 verbose cache add spec epoll@~0.1.12
106 silly cache add parsed spec { raw: 'epoll@~0.1.12',
106 silly cache add   scope: null,
106 silly cache add   name: 'epoll',
106 silly cache add   rawSpec: '~0.1.12',
106 silly cache add   spec: '>=0.1.12 <0.2.0',
106 silly cache add   type: 'range' }
107 verbose addNamed epoll@>=0.1.12 <0.2.0
108 silly addNamed semver.valid null
109 silly addNamed semver.validRange >=0.1.12 <0.2.0
110 silly addNameRange { name: 'epoll', range: '>=0.1.12 <0.2.0', hasData: false }
111 silly mapToRegistry name epoll
112 silly mapToRegistry using default registry
113 silly mapToRegistry registry https://registry.npmjs.org/
114 silly mapToRegistry uri https://registry.npmjs.org/epoll
115 verbose addNameRange registry:https://registry.npmjs.org/epoll not in flight; fetching
116 verbose get https://registry.npmjs.org/epoll not expired, no request
117 silly addNameRange number 2 { name: 'epoll', range: '>=0.1.12 <0.2.0', hasData: true }
118 silly addNameRange versions [ 'epoll',
118 silly addNameRange   [ '0.0.1',
118 silly addNameRange     '0.0.2',
118 silly addNameRange     '0.0.3',
118 silly addNameRange     '0.0.4',
118 silly addNameRange     '0.0.5',
118 silly addNameRange     '0.0.6',
118 silly addNameRange     '0.0.7',
118 silly addNameRange     '0.0.8',
118 silly addNameRange     '0.1.0',
118 silly addNameRange     '0.1.1',
118 silly addNameRange     '0.1.2',
118 silly addNameRange     '0.1.3',
118 silly addNameRange     '0.1.4',
118 silly addNameRange     '0.1.5',
118 silly addNameRange     '0.1.7',
118 silly addNameRange     '0.1.8',
118 silly addNameRange     '0.1.9',
118 silly addNameRange     '0.1.10',
118 silly addNameRange     '0.1.11',
118 silly addNameRange     '0.1.12' ] ]
119 verbose addNamed epoll@0.1.12
120 silly addNamed semver.valid 0.1.12
121 silly addNamed semver.validRange 0.1.12
122 silly cache afterAdd epoll@0.1.12
123 verbose afterAdd /root/.npm/epoll/0.1.12/package/package.json not in flight; writing
124 verbose afterAdd /root/.npm/epoll/0.1.12/package/package.json written
125 silly install resolved [ { name: 'epoll',
125 silly install resolved     version: '0.1.12',
125 silly install resolved     description: 'A low-level Node.js binding for the Linux epoll API',
125 silly install resolved     main: 'epoll.js',
125 silly install resolved     directories: { example: 'example', test: 'test' },
125 silly install resolved     scripts:
125 silly install resolved      { test: 'echo "Tests can only be run manually from the command line." && exit 1',
125 silly install resolved        install: 'node-gyp rebuild' },
125 silly install resolved     repository: { type: 'git', url: 'https://github.com/fivdi/epoll.git' },
125 silly install resolved     engines: { node: '>=0.8.0' },
125 silly install resolved     dependencies: { bindings: '~1.2.1', nan: '~1.6.2' },
125 silly install resolved     keywords:
125 silly install resolved      [ 'epoll',
125 silly install resolved        'epollpri',
125 silly install resolved        'poll',
125 silly install resolved        'pollpri',
125 silly install resolved        'gpio',
125 silly install resolved        'interrupt',
125 silly install resolved        'linux' ],
125 silly install resolved     author: { name: 'fivdi' },
125 silly install resolved     license: 'MIT',
125 silly install resolved     gypfile: true,
125 silly install resolved     gitHead: '33b3cfb2fddde00bc0043d1e241555f25f9ee3a5',
125 silly install resolved     bugs: { url: 'https://github.com/fivdi/epoll/issues' },
125 silly install resolved     homepage: 'https://github.com/fivdi/epoll',
125 silly install resolved     _id: 'epoll@0.1.12',
125 silly install resolved     _shasum: '9f90e60be0a7635255b22b0ba4f6f6e2e80bc43c',
125 silly install resolved     _from: 'epoll@>=0.1.12 <0.2.0',
125 silly install resolved     _npmVersion: '2.1.18',
125 silly install resolved     _nodeVersion: '1.0.2',
125 silly install resolved     _npmUser: { name: 'fivdi', email: 'fivdiweb@gmail.com' },
125 silly install resolved     maintainers: [ [Object] ],
125 silly install resolved     dist:
125 silly install resolved      { shasum: '9f90e60be0a7635255b22b0ba4f6f6e2e80bc43c',
125 silly install resolved        tarball: 'http://registry.npmjs.org/epoll/-/epoll-0.1.12.tgz' },
125 silly install resolved     _resolved: 'https://registry.npmjs.org/epoll/-/epoll-0.1.12.tgz',
125 silly install resolved     readme: 'ERROR: No README data found!' } ]
126 info install epoll@0.1.12 into /home/node/node/leds/node_modules/onoff
127 info installOne epoll@0.1.12
128 verbose installOne of epoll to /home/node/node/leds/node_modules/onoff not in flight; installing
129 verbose lock using /root/.npm/_locks/epoll-e09e77323b2931fd.lock for /home/node/node/leds/node_modules/onoff/node_modules/epoll
130 warn engine epoll@0.1.12: wanted: {"node":">=0.8.0"} (current: {"node":"0.13.0-pre","npm":"2.7.0"})
131 silly install write writing epoll 0.1.12 to /home/node/node/leds/node_modules/onoff/node_modules/epoll
132 silly cache addNamed cb epoll@0.1.12
133 verbose unbuild node_modules/onoff/node_modules/epoll
134 verbose gentlyRm vacuuming /home/node/node/leds/node_modules/onoff/node_modules/epoll
135 verbose tar unpack /root/.npm/epoll/0.1.12/package.tgz
136 verbose tar unpacking to /home/node/node/leds/node_modules/onoff/node_modules/epoll
137 verbose gentlyRm vacuuming /home/node/node/leds/node_modules/onoff/node_modules/epoll
138 silly gunzTarPerm modes [ '755', '644' ]
139 silly gunzTarPerm extractEntry package.json
140 silly gunzTarPerm modified mode [ 'package.json', 436, 420 ]
141 silly gunzTarPerm extractEntry .npmignore
142 silly gunzTarPerm modified mode [ '.npmignore', 436, 420 ]
143 silly gunzTarPerm extractEntry README.md
144 silly gunzTarPerm modified mode [ 'README.md', 436, 420 ]
145 silly gunzTarPerm extractEntry LICENSE
146 silly gunzTarPerm modified mode [ 'LICENSE', 436, 420 ]
147 silly gunzTarPerm extractEntry epoll.js
148 silly gunzTarPerm extractEntry History.md
149 silly gunzTarPerm modified mode [ 'History.md', 436, 420 ]
150 silly gunzTarPerm extractEntry test/brute-force-leak-check.js
151 silly gunzTarPerm modified mode [ 'test/brute-force-leak-check.js', 436, 420 ]
152 silly gunzTarPerm extractEntry test/do-almost-nothing.js
153 silly gunzTarPerm modified mode [ 'test/do-almost-nothing.js', 436, 420 ]
154 silly gunzTarPerm extractEntry test/do-nothing.js
155 silly gunzTarPerm modified mode [ 'test/do-nothing.js', 436, 420 ]
156 silly gunzTarPerm extractEntry test/no-gc-allowed.js
157 silly gunzTarPerm modified mode [ 'test/no-gc-allowed.js', 436, 420 ]
158 silly gunzTarPerm extractEntry test/closed.js
159 silly gunzTarPerm modified mode [ 'test/closed.js', 436, 420 ]
160 silly gunzTarPerm extractEntry test/performance-check.js
161 silly gunzTarPerm modified mode [ 'test/performance-check.js', 436, 420 ]
162 silly gunzTarPerm extractEntry test/util.js
163 silly gunzTarPerm modified mode [ 'test/util.js', 436, 420 ]
164 silly gunzTarPerm extractEntry test/two-shot.js
165 silly gunzTarPerm modified mode [ 'test/two-shot.js', 436, 420 ]
166 silly gunzTarPerm extractEntry test/verify-events.js
167 silly gunzTarPerm modified mode [ 'test/verify-events.js', 436, 420 ]
168 silly gunzTarPerm extractEntry test/one-shot.js
169 silly gunzTarPerm modified mode [ 'test/one-shot.js', 436, 420 ]
170 silly gunzTarPerm extractEntry test/run-tests
171 silly gunzTarPerm modified mode [ 'test/run-tests', 508, 492 ]
172 silly gunzTarPerm extractEntry example/interrupts-per-second/interrupts-per-second.js
173 silly gunzTarPerm modified mode [ 'example/interrupts-per-second/interrupts-per-second.js',
173 silly gunzTarPerm   436,
173 silly gunzTarPerm   420 ]
174 silly gunzTarPerm extractEntry example/interrupts-per-second/export
175 silly gunzTarPerm modified mode [ 'example/interrupts-per-second/export', 508, 492 ]
176 silly gunzTarPerm extractEntry example/interrupts-per-second/unexport
177 silly gunzTarPerm modified mode [ 'example/interrupts-per-second/unexport', 508, 492 ]
178 silly gunzTarPerm extractEntry example/watch-button/watch-button.js
179 silly gunzTarPerm modified mode [ 'example/watch-button/watch-button.js', 436, 420 ]
180 silly gunzTarPerm extractEntry example/watch-button/export
181 silly gunzTarPerm modified mode [ 'example/watch-button/export', 508, 492 ]
182 silly gunzTarPerm extractEntry example/watch-button/unexport
183 silly gunzTarPerm modified mode [ 'example/watch-button/unexport', 508, 492 ]
184 silly gunzTarPerm extractEntry History.md~
185 silly gunzTarPerm modified mode [ 'History.md~', 436, 420 ]
186 silly gunzTarPerm extractEntry src/epoll.cc
187 silly gunzTarPerm modified mode [ 'src/epoll.cc', 436, 420 ]
188 silly gunzTarPerm extractEntry src/epoll.h
189 silly gunzTarPerm modified mode [ 'src/epoll.h', 436, 420 ]
190 silly gunzTarPerm extractEntry binding.gyp
191 info preinstall epoll@0.1.12
192 silly prepareForInstallMany adding bindings@~1.2.1 from epoll dependencies
193 silly prepareForInstallMany adding nan@~1.6.2 from epoll dependencies
194 silly cache add args [ 'bindings@~1.2.1', null ]
195 verbose cache add spec bindings@~1.2.1
196 silly cache add args [ 'nan@~1.6.2', null ]
197 verbose cache add spec nan@~1.6.2
198 silly cache add parsed spec { raw: 'bindings@~1.2.1',
198 silly cache add   scope: null,
198 silly cache add   name: 'bindings',
198 silly cache add   rawSpec: '~1.2.1',
198 silly cache add   spec: '>=1.2.1 <1.3.0',
198 silly cache add   type: 'range' }
199 verbose addNamed bindings@>=1.2.1 <1.3.0
200 silly addNamed semver.valid null
201 silly addNamed semver.validRange >=1.2.1 <1.3.0
202 silly addNameRange { name: 'bindings', range: '>=1.2.1 <1.3.0', hasData: false }
203 silly mapToRegistry name bindings
204 silly mapToRegistry using default registry
205 silly mapToRegistry registry https://registry.npmjs.org/
206 silly mapToRegistry uri https://registry.npmjs.org/bindings
207 verbose addNameRange registry:https://registry.npmjs.org/bindings not in flight; fetching
208 silly cache add parsed spec { raw: 'nan@~1.6.2',
208 silly cache add   scope: null,
208 silly cache add   name: 'nan',
208 silly cache add   rawSpec: '~1.6.2',
208 silly cache add   spec: '>=1.6.2 <1.7.0',
208 silly cache add   type: 'range' }
209 verbose addNamed nan@>=1.6.2 <1.7.0
210 silly addNamed semver.valid null
211 silly addNamed semver.validRange >=1.6.2 <1.7.0
212 silly addNameRange { name: 'nan', range: '>=1.6.2 <1.7.0', hasData: false }
213 silly mapToRegistry name nan
214 silly mapToRegistry using default registry
215 silly mapToRegistry registry https://registry.npmjs.org/
216 silly mapToRegistry uri https://registry.npmjs.org/nan
217 verbose addNameRange registry:https://registry.npmjs.org/nan not in flight; fetching
218 verbose get https://registry.npmjs.org/bindings not expired, no request
219 silly addNameRange number 2 { name: 'bindings', range: '>=1.2.1 <1.3.0', hasData: true }
220 silly addNameRange versions [ 'bindings',
220 silly addNameRange   [ '0.0.1',
220 silly addNameRange     '0.1.0',
220 silly addNameRange     '0.1.1',
220 silly addNameRange     '0.2.0',
220 silly addNameRange     '0.2.1',
220 silly addNameRange     '0.2.2',
220 silly addNameRange     '0.2.3',
220 silly addNameRange     '0.2.4',
220 silly addNameRange     '0.3.0',
220 silly addNameRange     '0.4.0',
220 silly addNameRange     '1.0.0',
220 silly addNameRange     '1.1.0',
220 silly addNameRange     '1.1.1',
220 silly addNameRange     '1.2.0',
220 silly addNameRange     '1.2.1' ] ]
221 verbose addNamed bindings@1.2.1
222 silly addNamed semver.valid 1.2.1
223 silly addNamed semver.validRange 1.2.1
224 verbose get https://registry.npmjs.org/nan not expired, no request
225 silly addNameRange number 2 { name: 'nan', range: '>=1.6.2 <1.7.0', hasData: true }
226 silly addNameRange versions [ 'nan',
226 silly addNameRange   [ '0.3.0-wip',
226 silly addNameRange     '0.3.0-wip2',
226 silly addNameRange     '0.3.0',
226 silly addNameRange     '0.3.1',
226 silly addNameRange     '0.3.2',
226 silly addNameRange     '0.4.0',
226 silly addNameRange     '0.4.1',
226 silly addNameRange     '0.4.2',
226 silly addNameRange     '0.4.3',
226 silly addNameRange     '0.4.4',
226 silly addNameRange     '0.5.0',
226 silly addNameRange     '0.5.1',
226 silly addNameRange     '0.5.2',
226 silly addNameRange     '0.6.0',
226 silly addNameRange     '0.7.0',
226 silly addNameRange     '0.7.1',
226 silly addNameRange     '0.8.0',
226 silly addNameRange     '1.0.0',
226 silly addNameRange     '1.1.0',
226 silly addNameRange     '1.1.1',
226 silly addNameRange     '1.1.2',
226 silly addNameRange     '1.2.0',
226 silly addNameRange     '1.3.0',
226 silly addNameRange     '1.4.0',
226 silly addNameRange     '1.4.1',
226 silly addNameRange     '1.5.0',
226 silly addNameRange     '1.4.2',
226 silly addNameRange     '1.4.3',
226 silly addNameRange     '1.5.1',
226 silly addNameRange     '1.5.2',
226 silly addNameRange     '1.6.0',
226 silly addNameRange     '1.5.3',
226 silly addNameRange     '1.6.1',
226 silly addNameRange     '1.6.2',
226 silly addNameRange     '1.7.0' ] ]
227 verbose addNamed nan@1.6.2
228 silly addNamed semver.valid 1.6.2
229 silly addNamed semver.validRange 1.6.2
230 silly cache afterAdd bindings@1.2.1
231 verbose afterAdd /root/.npm/bindings/1.2.1/package/package.json not in flight; writing
232 silly cache afterAdd nan@1.6.2
233 verbose afterAdd /root/.npm/nan/1.6.2/package/package.json not in flight; writing
234 verbose afterAdd /root/.npm/bindings/1.2.1/package/package.json written
235 verbose afterAdd /root/.npm/nan/1.6.2/package/package.json written
236 silly install resolved [ { name: 'bindings',
236 silly install resolved     description: 'Helper module for loading your native module\'s .node file',
236 silly install resolved     keywords: [ 'native', 'addon', 'bindings', 'gyp', 'waf', 'c', 'c++' ],
236 silly install resolved     version: '1.2.1',
236 silly install resolved     author:
236 silly install resolved      { name: 'Nathan Rajlich',
236 silly install resolved        email: 'nathan@tootallnate.net',
236 silly install resolved        url: 'http://tootallnate.net' },
236 silly install resolved     repository:
236 silly install resolved      { type: 'git',
236 silly install resolved        url: 'git://github.com/TooTallNate/node-bindings.git' },
236 silly install resolved     main: './bindings.js',
236 silly install resolved     bugs: { url: 'https://github.com/TooTallNate/node-bindings/issues' },
236 silly install resolved     homepage: 'https://github.com/TooTallNate/node-bindings',
236 silly install resolved     license: 'MIT',
236 silly install resolved     gitHead: 'e404152ee27f8478ccbc7122ee051246e8e5ec02',
236 silly install resolved     _id: 'bindings@1.2.1',
236 silly install resolved     scripts: {},
236 silly install resolved     _shasum: '14ad6113812d2d37d72e67b4cacb4bb726505f11',
236 silly install resolved     _from: 'bindings@>=1.2.1 <1.3.0',
236 silly install resolved     _npmVersion: '1.4.14',
236 silly install resolved     _npmUser: { name: 'tootallnate', email: 'nathan@tootallnate.net' },
236 silly install resolved     maintainers: [ [Object], [Object] ],
236 silly install resolved     dist:
236 silly install resolved      { shasum: '14ad6113812d2d37d72e67b4cacb4bb726505f11',
236 silly install resolved        tarball: 'http://registry.npmjs.org/bindings/-/bindings-1.2.1.tgz' },
236 silly install resolved     directories: {},
236 silly install resolved     _resolved: 'https://registry.npmjs.org/bindings/-/bindings-1.2.1.tgz',
236 silly install resolved     readme: 'ERROR: No README data found!' },
236 silly install resolved   { name: 'nan',
236 silly install resolved     version: '1.6.2',
236 silly install resolved     description: 'Native Abstractions for Node.js: C++ header for Node 0.8->0.12 compatibility',
236 silly install resolved     main: 'include_dirs.js',
236 silly install resolved     repository: { type: 'git', url: 'git://github.com/rvagg/nan.git' },
236 silly install resolved     scripts:
236 silly install resolved      { test: 'tap --gc test/js/*-test.js',
236 silly install resolved        'rebuild-tests': 'pangyp rebuild --directory test' },
236 silly install resolved     contributors:
236 silly install resolved      [ [Object],
236 silly install resolved        [Object],
236 silly install resolved        [Object],
236 silly install resolved        [Object],
236 silly install resolved        [Object],
236 silly install resolved        [Object],
236 silly install resolved        [Object] ],
236 silly install resolved     devDependencies:
236 silly install resolved      { bindings: '~1.2.1',
236 silly install resolved        'node-gyp': '~1.0.2',
236 silly install resolved        pangyp: '~2.0.1',
236 silly install resolved        tap: '~0.5.0',
236 silly install resolved        xtend: '~4.0.0' },
236 silly install resolved     license: 'MIT',
236 silly install resolved     gitHead: 'ab0e5eed8d4aa36111bf8f44cf75644ece327e98',
236 silly install resolved     bugs: { url: 'https://github.com/rvagg/nan/issues' },
236 silly install resolved     homepage: 'https://github.com/rvagg/nan',
236 silly install resolved     _id: 'nan@1.6.2',
236 silly install resolved     _shasum: '2657d1c43b00f1e847e083832285b7d8f5ba8ec8',
236 silly install resolved     _from: 'nan@>=1.6.2 <1.7.0',
236 silly install resolved     _npmVersion: '2.0.0',
236 silly install resolved     _npmUser: { name: 'kkoopa', email: 'bbyholm@abo.fi' },
236 silly install resolved     maintainers: [ [Object], [Object] ],
236 silly install resolved     dist:
236 silly install resolved      { shasum: '2657d1c43b00f1e847e083832285b7d8f5ba8ec8',
236 silly install resolved        tarball: 'http://registry.npmjs.org/nan/-/nan-1.6.2.tgz' },
236 silly install resolved     directories: {},
236 silly install resolved     _resolved: 'https://registry.npmjs.org/nan/-/nan-1.6.2.tgz',
236 silly install resolved     readme: 'ERROR: No README data found!' } ]
237 info install bindings@1.2.1 into /home/node/node/leds/node_modules/onoff/node_modules/epoll
238 info install nan@1.6.2 into /home/node/node/leds/node_modules/onoff/node_modules/epoll
239 info installOne bindings@1.2.1
240 verbose installOne of bindings to /home/node/node/leds/node_modules/onoff/node_modules/epoll not in flight; installing
241 info installOne nan@1.6.2
242 verbose installOne of nan to /home/node/node/leds/node_modules/onoff/node_modules/epoll not in flight; installing
243 verbose lock using /root/.npm/_locks/bindings-ba1aec28f989dcd8.lock for /home/node/node/leds/node_modules/onoff/node_modules/epoll/node_modules/bindings
244 verbose lock using /root/.npm/_locks/nan-3a16bab98bb6daf7.lock for /home/node/node/leds/node_modules/onoff/node_modules/epoll/node_modules/nan
245 silly install write writing bindings 1.2.1 to /home/node/node/leds/node_modules/onoff/node_modules/epoll/node_modules/bindings
246 silly cache addNamed cb bindings@1.2.1
247 verbose unbuild node_modules/onoff/node_modules/epoll/node_modules/bindings
248 silly install write writing nan 1.6.2 to /home/node/node/leds/node_modules/onoff/node_modules/epoll/node_modules/nan
249 silly cache addNamed cb nan@1.6.2
250 verbose unbuild node_modules/onoff/node_modules/epoll/node_modules/nan
251 verbose gentlyRm vacuuming /home/node/node/leds/node_modules/onoff/node_modules/epoll/node_modules/bindings
252 verbose gentlyRm vacuuming /home/node/node/leds/node_modules/onoff/node_modules/epoll/node_modules/nan
253 verbose tar unpack /root/.npm/bindings/1.2.1/package.tgz
254 verbose tar unpacking to /home/node/node/leds/node_modules/onoff/node_modules/epoll/node_modules/bindings
255 verbose gentlyRm vacuuming /home/node/node/leds/node_modules/onoff/node_modules/epoll/node_modules/bindings
256 verbose tar unpack /root/.npm/nan/1.6.2/package.tgz
257 verbose tar unpacking to /home/node/node/leds/node_modules/onoff/node_modules/epoll/node_modules/nan
258 verbose gentlyRm vacuuming /home/node/node/leds/node_modules/onoff/node_modules/epoll/node_modules/nan
259 silly gunzTarPerm modes [ '755', '644' ]
260 silly gunzTarPerm modes [ '755', '644' ]
261 silly gunzTarPerm extractEntry package.json
262 silly gunzTarPerm extractEntry package.json
263 silly gunzTarPerm modified mode [ 'package.json', 436, 420 ]
264 silly gunzTarPerm extractEntry README.md
265 silly gunzTarPerm extractEntry bindings.js
266 silly gunzTarPerm extractEntry include_dirs.js
267 silly gunzTarPerm modified mode [ 'include_dirs.js', 436, 420 ]
268 silly gunzTarPerm extractEntry LICENSE.md
269 silly gunzTarPerm modified mode [ 'LICENSE.md', 436, 420 ]
270 silly gunzTarPerm extractEntry .dntrc
271 silly gunzTarPerm modified mode [ '.dntrc', 436, 420 ]
272 silly gunzTarPerm extractEntry appveyor.yml
273 silly gunzTarPerm modified mode [ 'appveyor.yml', 436, 420 ]
274 silly gunzTarPerm extractEntry nan.h
275 silly gunzTarPerm modified mode [ 'nan.h', 436, 420 ]
276 silly gunzTarPerm extractEntry nan_implementation_12_inl.h
277 silly gunzTarPerm modified mode [ 'nan_implementation_12_inl.h', 436, 420 ]
278 silly gunzTarPerm extractEntry nan_implementation_pre_12_inl.h
279 silly gunzTarPerm modified mode [ 'nan_implementation_pre_12_inl.h', 436, 420 ]
280 silly gunzTarPerm extractEntry nan_new.h
281 silly gunzTarPerm modified mode [ 'nan_new.h', 436, 420 ]
282 silly gunzTarPerm extractEntry nan_string_bytes.h
283 silly gunzTarPerm modified mode [ 'nan_string_bytes.h', 436, 420 ]
284 silly gunzTarPerm extractEntry CHANGELOG.md
285 silly gunzTarPerm modified mode [ 'CHANGELOG.md', 436, 420 ]
286 info preinstall bindings@1.2.1
287 silly install resolved []
288 verbose about to build /home/node/node/leds/node_modules/onoff/node_modules/epoll/node_modules/bindings
289 info build /home/node/node/leds/node_modules/onoff/node_modules/epoll/node_modules/bindings
290 verbose linkStuff [ false,
290 verbose linkStuff   false,
290 verbose linkStuff   false,
290 verbose linkStuff   '/home/node/node/leds/node_modules/onoff/node_modules/epoll/node_modules' ]
291 info linkStuff bindings@1.2.1
292 verbose linkBins bindings@1.2.1
293 verbose linkMans bindings@1.2.1
294 verbose rebuildBundles bindings@1.2.1
295 info install bindings@1.2.1
296 info postinstall bindings@1.2.1
297 verbose unlock done using /root/.npm/_locks/bindings-ba1aec28f989dcd8.lock for /home/node/node/leds/node_modules/onoff/node_modules/epoll/node_modules/bindings
298 info preinstall nan@1.6.2
299 silly install resolved []
300 verbose about to build /home/node/node/leds/node_modules/onoff/node_modules/epoll/node_modules/nan
301 info build /home/node/node/leds/node_modules/onoff/node_modules/epoll/node_modules/nan
302 verbose linkStuff [ false,
302 verbose linkStuff   false,
302 verbose linkStuff   false,
302 verbose linkStuff   '/home/node/node/leds/node_modules/onoff/node_modules/epoll/node_modules' ]
303 info linkStuff nan@1.6.2
304 verbose linkBins nan@1.6.2
305 verbose linkMans nan@1.6.2
306 verbose rebuildBundles nan@1.6.2
307 info install nan@1.6.2
308 info postinstall nan@1.6.2
309 verbose unlock done using /root/.npm/_locks/nan-3a16bab98bb6daf7.lock for /home/node/node/leds/node_modules/onoff/node_modules/epoll/node_modules/nan
310 verbose about to build /home/node/node/leds/node_modules/onoff/node_modules/epoll
311 info build /home/node/node/leds/node_modules/onoff/node_modules/epoll
312 verbose linkStuff [ false,
312 verbose linkStuff   false,
312 verbose linkStuff   false,
312 verbose linkStuff   '/home/node/node/leds/node_modules/onoff/node_modules' ]
313 info linkStuff epoll@0.1.12
314 verbose linkBins epoll@0.1.12
315 verbose linkMans epoll@0.1.12
316 verbose rebuildBundles epoll@0.1.12
317 verbose rebuildBundles [ 'bindings', 'nan' ]
318 info install epoll@0.1.12
319 verbose unsafe-perm in lifecycle false
320 info epoll@0.1.12 Failed to exec install script
321 verbose unlock done using /root/.npm/_locks/epoll-e09e77323b2931fd.lock for /home/node/node/leds/node_modules/onoff/node_modules/epoll
322 verbose about to build /home/node/node/leds/node_modules/onoff
323 verbose unlock done using /root/.npm/_locks/onoff-32287331d39812b0.lock for /home/node/node/leds/node_modules/onoff
324 verbose stack Error: epoll@0.1.12 install: `node-gyp rebuild`
324 verbose stack Exit status 1
324 verbose stack     at EventEmitter.<anonymous> (/usr/local/lib/node_modules/npm/lib/utils/lifecycle.js:213:16)
324 verbose stack     at EventEmitter.emit (events.js:112:17)
324 verbose stack     at ChildProcess.<anonymous> (/usr/local/lib/node_modules/npm/lib/utils/spawn.js:14:12)
324 verbose stack     at ChildProcess.emit (events.js:112:17)
324 verbose stack     at maybeClose (child_process.js:1010:16)
324 verbose stack     at Process.ChildProcess._handle.onexit (child_process.js:1082:5)
325 verbose pkgid epoll@0.1.12
326 verbose cwd /home/node/node/leds
327 error Linux 3.2.0-4-486
328 error argv "node" "/usr/local/bin/npm" "install" "onoff" "--save"
329 error node v0.13.0-pre
330 error npm  v2.7.0
331 error code ELIFECYCLE
332 error epoll@0.1.12 install: `node-gyp rebuild`
332 error Exit status 1
333 error Failed at the epoll@0.1.12 install script 'node-gyp rebuild'.
333 error This is most likely a problem with the epoll package,
333 error not with npm itself.
333 error Tell the author that this fails on your system:
333 error     node-gyp rebuild
333 error You can get their info via:
333 error     npm owner ls epoll
333 error There is likely additional logging output above.
334 verbose exit [ 1, true ]
335 verbose unbuild node_modules/onoff/node_modules/epoll
336 info preuninstall epoll@0.1.12
337 info uninstall epoll@0.1.12
338 verbose unbuild rmStuff epoll@0.1.12 from /home/node/node/leds/node_modules
339 verbose unbuild rmStuff in /home/node/node/leds/node_modules/onoff/node_modules
340 info postuninstall epoll@0.1.12
341 verbose gentlyRm vacuuming /home/node/node/leds/node_modules/onoff/node_modules/epoll
342 silly gentlyRm purging /home/node/node/leds/node_modules/onoff/node_modules/epoll
343 silly gentlyRm removing /home/node/node/leds/node_modules/onoff/node_modules
344 silly gentlyRm quitting because other entries in /home/node/node/leds/node_modules/onoff
345 verbose unbuild node_modules/onoff
346 info preuninstall onoff@1.0.2
347 info uninstall onoff@1.0.2
348 verbose unbuild rmStuff onoff@1.0.2 from /home/node/node/leds/node_modules
349 info postuninstall onoff@1.0.2
350 verbose gentlyRm vacuuming /home/node/node/leds/node_modules/onoff
351 silly gentlyRm purging /home/node/node/leds/node_modules/onoff
352 silly gentlyRm quitting because other entries in /home/node/node/leds/node_modules
